{"/Users/wirtsalthouse/JSProjects/HackerRank10Days/Binary-Calculator/Binary-Calculator/js/binaryCalculator.js": {"path":"/Users/wirtsalthouse/JSProjects/HackerRank10Days/Binary-Calculator/Binary-Calculator/js/binaryCalculator.js","statementMap":{"0":{"start":{"line":2,"column":0},"end":{"line":2,"column":59}},"1":{"start":{"line":4,"column":15},"end":{"line":4,"column":31}},"2":{"start":{"line":7,"column":14},"end":{"line":7,"column":45}},"3":{"start":{"line":8,"column":15},"end":{"line":8,"column":46}},"4":{"start":{"line":9,"column":12},"end":{"line":9,"column":45}},"5":{"start":{"line":10,"column":13},"end":{"line":10,"column":46}},"6":{"start":{"line":11,"column":15},"end":{"line":11,"column":48}},"7":{"start":{"line":12,"column":16},"end":{"line":12,"column":49}},"8":{"start":{"line":13,"column":16},"end":{"line":13,"column":49}},"9":{"start":{"line":14,"column":14},"end":{"line":14,"column":47}},"10":{"start":{"line":16,"column":2},"end":{"line":16,"column":55}},"11":{"start":{"line":16,"column":38},"end":{"line":16,"column":53}},"12":{"start":{"line":17,"column":2},"end":{"line":17,"column":56}},"13":{"start":{"line":17,"column":39},"end":{"line":17,"column":54}},"14":{"start":{"line":18,"column":2},"end":{"line":18,"column":55}},"15":{"start":{"line":18,"column":36},"end":{"line":18,"column":53}},"16":{"start":{"line":19,"column":2},"end":{"line":19,"column":54}},"17":{"start":{"line":19,"column":37},"end":{"line":19,"column":52}},"18":{"start":{"line":20,"column":2},"end":{"line":20,"column":56}},"19":{"start":{"line":20,"column":39},"end":{"line":20,"column":54}},"20":{"start":{"line":21,"column":2},"end":{"line":21,"column":57}},"21":{"start":{"line":21,"column":40},"end":{"line":21,"column":55}},"22":{"start":{"line":22,"column":2},"end":{"line":22,"column":57}},"23":{"start":{"line":22,"column":40},"end":{"line":22,"column":55}},"24":{"start":{"line":23,"column":2},"end":{"line":23,"column":55}},"25":{"start":{"line":23,"column":38},"end":{"line":23,"column":53}},"26":{"start":{"line":29,"column":15},"end":{"line":29,"column":33}},"27":{"start":{"line":30,"column":15},"end":{"line":30,"column":33}},"28":{"start":{"line":31,"column":2},"end":{"line":31,"column":38}},"29":{"start":{"line":36,"column":2},"end":{"line":43,"column":3}},"30":{"start":{"line":37,"column":14},"end":{"line":37,"column":16}},"31":{"start":{"line":38,"column":4},"end":{"line":41,"column":5}},"32":{"start":{"line":39,"column":6},"end":{"line":39,"column":26}},"33":{"start":{"line":40,"column":6},"end":{"line":40,"column":32}},"34":{"start":{"line":42,"column":4},"end":{"line":42,"column":23}},"35":{"start":{"line":44,"column":2},"end":{"line":44,"column":12}},"36":{"start":{"line":48,"column":2},"end":{"line":48,"column":20}},"37":{"start":{"line":49,"column":2},"end":{"line":60,"column":3}},"38":{"start":{"line":50,"column":14},"end":{"line":50,"column":15}},"39":{"start":{"line":51,"column":14},"end":{"line":51,"column":15}},"40":{"start":{"line":52,"column":4},"end":{"line":58,"column":5}},"41":{"start":{"line":53,"column":18},"end":{"line":53,"column":26}},"42":{"start":{"line":54,"column":6},"end":{"line":54,"column":29}},"43":{"start":{"line":54,"column":19},"end":{"line":54,"column":29}},"44":{"start":{"line":55,"column":6},"end":{"line":55,"column":33}},"45":{"start":{"line":56,"column":6},"end":{"line":56,"column":30}},"46":{"start":{"line":57,"column":6},"end":{"line":57,"column":12}},"47":{"start":{"line":59,"column":4},"end":{"line":59,"column":15}},"48":{"start":{"line":61,"column":2},"end":{"line":61,"column":12}},"49":{"start":{"line":65,"column":2},"end":{"line":69,"column":3}},"50":{"start":{"line":66,"column":17},"end":{"line":66,"column":35}},"51":{"start":{"line":67,"column":17},"end":{"line":67,"column":35}},"52":{"start":{"line":68,"column":4},"end":{"line":68,"column":40}},"53":{"start":{"line":70,"column":2},"end":{"line":70,"column":11}},"54":{"start":{"line":74,"column":2},"end":{"line":74,"column":65}},"55":{"start":{"line":78,"column":2},"end":{"line":78,"column":48}},"56":{"start":{"line":82,"column":15},"end":{"line":82,"column":33}},"57":{"start":{"line":83,"column":15},"end":{"line":83,"column":33}},"58":{"start":{"line":84,"column":2},"end":{"line":84,"column":38}}},"fnMap":{"0":{"name":"init","decl":{"start":{"line":3,"column":9},"end":{"line":3,"column":13}},"loc":{"start":{"line":3,"column":16},"end":{"line":24,"column":1}},"line":3},"1":{"name":"(anonymous_1)","decl":{"start":{"line":16,"column":32},"end":{"line":16,"column":33}},"loc":{"start":{"line":16,"column":38},"end":{"line":16,"column":53}},"line":16},"2":{"name":"(anonymous_2)","decl":{"start":{"line":17,"column":33},"end":{"line":17,"column":34}},"loc":{"start":{"line":17,"column":39},"end":{"line":17,"column":54}},"line":17},"3":{"name":"(anonymous_3)","decl":{"start":{"line":18,"column":30},"end":{"line":18,"column":31}},"loc":{"start":{"line":18,"column":36},"end":{"line":18,"column":53}},"line":18},"4":{"name":"(anonymous_4)","decl":{"start":{"line":19,"column":31},"end":{"line":19,"column":32}},"loc":{"start":{"line":19,"column":37},"end":{"line":19,"column":52}},"line":19},"5":{"name":"(anonymous_5)","decl":{"start":{"line":20,"column":33},"end":{"line":20,"column":34}},"loc":{"start":{"line":20,"column":39},"end":{"line":20,"column":54}},"line":20},"6":{"name":"(anonymous_6)","decl":{"start":{"line":21,"column":34},"end":{"line":21,"column":35}},"loc":{"start":{"line":21,"column":40},"end":{"line":21,"column":55}},"line":21},"7":{"name":"(anonymous_7)","decl":{"start":{"line":22,"column":34},"end":{"line":22,"column":35}},"loc":{"start":{"line":22,"column":40},"end":{"line":22,"column":55}},"line":22},"8":{"name":"(anonymous_8)","decl":{"start":{"line":23,"column":32},"end":{"line":23,"column":33}},"loc":{"start":{"line":23,"column":38},"end":{"line":23,"column":53}},"line":23},"9":{"name":"bAdd","decl":{"start":{"line":28,"column":16},"end":{"line":28,"column":20}},"loc":{"start":{"line":28,"column":26},"end":{"line":32,"column":1}},"line":28},"10":{"name":"decimalToBinary","decl":{"start":{"line":35,"column":16},"end":{"line":35,"column":31}},"loc":{"start":{"line":35,"column":37},"end":{"line":45,"column":1}},"line":35},"11":{"name":"binaryToDecimal","decl":{"start":{"line":47,"column":16},"end":{"line":47,"column":31}},"loc":{"start":{"line":47,"column":37},"end":{"line":62,"column":1}},"line":47},"12":{"name":"bSub","decl":{"start":{"line":64,"column":16},"end":{"line":64,"column":20}},"loc":{"start":{"line":64,"column":26},"end":{"line":71,"column":1}},"line":64},"13":{"name":"setField","decl":{"start":{"line":73,"column":9},"end":{"line":73,"column":17}},"loc":{"start":{"line":73,"column":20},"end":{"line":75,"column":1}},"line":73},"14":{"name":"clearField","decl":{"start":{"line":77,"column":9},"end":{"line":77,"column":19}},"loc":{"start":{"line":77,"column":22},"end":{"line":79,"column":1}},"line":77},"15":{"name":"bMul","decl":{"start":{"line":81,"column":16},"end":{"line":81,"column":20}},"loc":{"start":{"line":81,"column":26},"end":{"line":85,"column":1}},"line":81}},"branchMap":{"0":{"loc":{"start":{"line":36,"column":2},"end":{"line":43,"column":3}},"type":"if","locations":[{"start":{"line":36,"column":2},"end":{"line":43,"column":3}},{"start":{"line":36,"column":2},"end":{"line":43,"column":3}}],"line":36},"1":{"loc":{"start":{"line":36,"column":6},"end":{"line":36,"column":40}},"type":"binary-expr","locations":[{"start":{"line":36,"column":6},"end":{"line":36,"column":14}},{"start":{"line":36,"column":18},"end":{"line":36,"column":40}}],"line":36},"2":{"loc":{"start":{"line":49,"column":2},"end":{"line":60,"column":3}},"type":"if","locations":[{"start":{"line":49,"column":2},"end":{"line":60,"column":3}},{"start":{"line":49,"column":2},"end":{"line":60,"column":3}}],"line":49},"3":{"loc":{"start":{"line":49,"column":6},"end":{"line":49,"column":40}},"type":"binary-expr","locations":[{"start":{"line":49,"column":6},"end":{"line":49,"column":14}},{"start":{"line":49,"column":18},"end":{"line":49,"column":40}}],"line":49},"4":{"loc":{"start":{"line":54,"column":6},"end":{"line":54,"column":29}},"type":"if","locations":[{"start":{"line":54,"column":6},"end":{"line":54,"column":29}},{"start":{"line":54,"column":6},"end":{"line":54,"column":29}}],"line":54},"5":{"loc":{"start":{"line":65,"column":2},"end":{"line":69,"column":3}},"type":"if","locations":[{"start":{"line":65,"column":2},"end":{"line":69,"column":3}},{"start":{"line":65,"column":2},"end":{"line":69,"column":3}}],"line":65}},"s":{"0":1,"1":0,"2":0,"3":0,"4":0,"5":0,"6":0,"7":0,"8":0,"9":0,"10":0,"11":0,"12":0,"13":0,"14":0,"15":0,"16":0,"17":0,"18":0,"19":0,"20":0,"21":0,"22":0,"23":0,"24":0,"25":0,"26":3,"27":3,"28":3,"29":12,"30":10,"31":10,"32":34,"33":34,"34":10,"35":2,"36":19,"37":19,"38":17,"39":17,"40":17,"41":54,"42":54,"43":1,"44":53,"45":53,"46":53,"47":16,"48":2,"49":3,"50":1,"51":1,"52":1,"53":2,"54":0,"55":0,"56":3,"57":3,"58":3},"f":{"0":0,"1":0,"2":0,"3":0,"4":0,"5":0,"6":0,"7":0,"8":0,"9":3,"10":12,"11":19,"12":3,"13":0,"14":0,"15":3},"b":{"0":[10,2],"1":[12,11],"2":[17,2],"3":[19,18],"4":[1,53],"5":[1,2]},"_coverageSchema":"1a1c01bbd47fc00a2c39e90264f33305004495a9","hash":"ba45bc4d8918a8f02381391abffcd31ad6e3b7e8"}
}
