{"/Users/wirtsalthouse/JSProjects/HackerRank10Days/Binary-Calculator/Binary-Calculator/js/binaryCalculator.js": {"path":"/Users/wirtsalthouse/JSProjects/HackerRank10Days/Binary-Calculator/Binary-Calculator/js/binaryCalculator.js","statementMap":{"0":{"start":{"line":4,"column":2},"end":{"line":4,"column":11}},"1":{"start":{"line":8,"column":2},"end":{"line":8,"column":11}},"2":{"start":{"line":12,"column":2},"end":{"line":12,"column":11}},"3":{"start":{"line":16,"column":2},"end":{"line":16,"column":11}},"4":{"start":{"line":20,"column":2},"end":{"line":20,"column":11}},"5":{"start":{"line":24,"column":2},"end":{"line":24,"column":11}},"6":{"start":{"line":28,"column":2},"end":{"line":28,"column":52}},"7":{"start":{"line":32,"column":2},"end":{"line":32,"column":48}},"8":{"start":{"line":36,"column":15},"end":{"line":36,"column":55}},"9":{"start":{"line":37,"column":17},"end":{"line":37,"column":39}},"10":{"start":{"line":38,"column":17},"end":{"line":38,"column":27}},"11":{"start":{"line":39,"column":23},"end":{"line":39,"column":30}},"12":{"start":{"line":40,"column":2},"end":{"line":52,"column":3}},"13":{"start":{"line":41,"column":21},"end":{"line":41,"column":31}},"14":{"start":{"line":42,"column":18},"end":{"line":42,"column":38}},"15":{"start":{"line":43,"column":19},"end":{"line":43,"column":44}},"16":{"start":{"line":44,"column":4},"end":{"line":44,"column":88}},"17":{"start":{"line":45,"column":8},"end":{"line":52,"column":3}},"18":{"start":{"line":46,"column":4},"end":{"line":46,"column":51}},"19":{"start":{"line":47,"column":9},"end":{"line":52,"column":3}},"20":{"start":{"line":48,"column":16},"end":{"line":48,"column":30}},"21":{"start":{"line":49,"column":4},"end":{"line":49,"column":64}},"22":{"start":{"line":51,"column":4},"end":{"line":51,"column":50}},"23":{"start":{"line":56,"column":13},"end":{"line":56,"column":30}},"24":{"start":{"line":57,"column":13},"end":{"line":57,"column":30}},"25":{"start":{"line":58,"column":2},"end":{"line":58,"column":70}},"26":{"start":{"line":58,"column":60},"end":{"line":58,"column":70}},"27":{"start":{"line":59,"column":2},"end":{"line":59,"column":56}}},"fnMap":{"0":{"name":"putMinus","decl":{"start":{"line":3,"column":9},"end":{"line":3,"column":17}},"loc":{"start":{"line":3,"column":20},"end":{"line":5,"column":1}},"line":3},"1":{"name":"putDiv","decl":{"start":{"line":7,"column":9},"end":{"line":7,"column":15}},"loc":{"start":{"line":7,"column":18},"end":{"line":9,"column":1}},"line":7},"2":{"name":"putMul","decl":{"start":{"line":11,"column":9},"end":{"line":11,"column":15}},"loc":{"start":{"line":11,"column":18},"end":{"line":13,"column":1}},"line":11},"3":{"name":"putOne","decl":{"start":{"line":15,"column":9},"end":{"line":15,"column":15}},"loc":{"start":{"line":15,"column":18},"end":{"line":17,"column":1}},"line":15},"4":{"name":"putZero","decl":{"start":{"line":19,"column":9},"end":{"line":19,"column":16}},"loc":{"start":{"line":19,"column":19},"end":{"line":21,"column":1}},"line":19},"5":{"name":"putAdd","decl":{"start":{"line":23,"column":9},"end":{"line":23,"column":15}},"loc":{"start":{"line":23,"column":18},"end":{"line":25,"column":1}},"line":23},"6":{"name":"put","decl":{"start":{"line":27,"column":9},"end":{"line":27,"column":12}},"loc":{"start":{"line":27,"column":20},"end":{"line":29,"column":1}},"line":27},"7":{"name":"clearField","decl":{"start":{"line":31,"column":9},"end":{"line":31,"column":19}},"loc":{"start":{"line":31,"column":22},"end":{"line":33,"column":1}},"line":31},"8":{"name":"setEq","decl":{"start":{"line":35,"column":9},"end":{"line":35,"column":14}},"loc":{"start":{"line":35,"column":17},"end":{"line":53,"column":1}},"line":35},"9":{"name":"binaryMath","decl":{"start":{"line":55,"column":9},"end":{"line":55,"column":19}},"loc":{"start":{"line":55,"column":36},"end":{"line":60,"column":1}},"line":55}},"branchMap":{"0":{"loc":{"start":{"line":40,"column":2},"end":{"line":52,"column":3}},"type":"if","locations":[{"start":{"line":40,"column":2},"end":{"line":52,"column":3}},{"start":{"line":40,"column":2},"end":{"line":52,"column":3}}],"line":40},"1":{"loc":{"start":{"line":45,"column":8},"end":{"line":52,"column":3}},"type":"if","locations":[{"start":{"line":45,"column":8},"end":{"line":52,"column":3}},{"start":{"line":45,"column":8},"end":{"line":52,"column":3}}],"line":45},"2":{"loc":{"start":{"line":47,"column":9},"end":{"line":52,"column":3}},"type":"if","locations":[{"start":{"line":47,"column":9},"end":{"line":52,"column":3}},{"start":{"line":47,"column":9},"end":{"line":52,"column":3}}],"line":47},"3":{"loc":{"start":{"line":58,"column":2},"end":{"line":58,"column":70}},"type":"if","locations":[{"start":{"line":58,"column":2},"end":{"line":58,"column":70}},{"start":{"line":58,"column":2},"end":{"line":58,"column":70}}],"line":58},"4":{"loc":{"start":{"line":58,"column":6},"end":{"line":58,"column":58}},"type":"binary-expr","locations":[{"start":{"line":58,"column":7},"end":{"line":58,"column":16}},{"start":{"line":58,"column":20},"end":{"line":58,"column":31}},{"start":{"line":58,"column":36},"end":{"line":58,"column":45}},{"start":{"line":58,"column":49},"end":{"line":58,"column":58}}],"line":58}},"s":{"0":2,"1":2,"2":1,"3":36,"4":18,"5":3,"6":64,"7":3,"8":17,"9":17,"10":17,"11":17,"12":17,"13":13,"14":13,"15":13,"16":13,"17":4,"18":1,"19":3,"20":2,"21":2,"22":1,"23":21,"24":21,"25":21,"26":4,"27":17},"f":{"0":2,"1":2,"2":1,"3":36,"4":18,"5":3,"6":64,"7":3,"8":17,"9":21},"b":{"0":[13,4],"1":[1,3],"2":[2,1],"3":[4,17],"4":[21,7,19,8]},"_coverageSchema":"1a1c01bbd47fc00a2c39e90264f33305004495a9","hash":"d9d9052ebdd37f2dbe351e9e037147a8f9c8d07b"}
}
