TN:
SF:js/binaryCalculator.js
FN:3,init
FN:16,(anonymous_1)
FN:17,(anonymous_2)
FN:18,(anonymous_3)
FN:19,(anonymous_4)
FN:20,(anonymous_5)
FN:21,(anonymous_6)
FN:22,(anonymous_7)
FN:23,(anonymous_8)
FN:28,bAdd
FN:35,decimalToBinary
FN:47,binaryToDecimal
FN:64,bSub
FN:73,setField
FN:77,clearField
FN:81,bMul
FNF:16
FNH:5
FNDA:0,init
FNDA:0,(anonymous_1)
FNDA:0,(anonymous_2)
FNDA:0,(anonymous_3)
FNDA:0,(anonymous_4)
FNDA:0,(anonymous_5)
FNDA:0,(anonymous_6)
FNDA:0,(anonymous_7)
FNDA:0,(anonymous_8)
FNDA:3,bAdd
FNDA:12,decimalToBinary
FNDA:19,binaryToDecimal
FNDA:3,bSub
FNDA:0,setField
FNDA:0,clearField
FNDA:3,bMul
DA:2,1
DA:4,0
DA:7,0
DA:8,0
DA:9,0
DA:10,0
DA:11,0
DA:12,0
DA:13,0
DA:14,0
DA:16,0
DA:17,0
DA:18,0
DA:19,0
DA:20,0
DA:21,0
DA:22,0
DA:23,0
DA:29,3
DA:30,3
DA:31,3
DA:36,12
DA:37,10
DA:38,10
DA:39,34
DA:40,34
DA:42,10
DA:44,2
DA:48,19
DA:49,19
DA:50,17
DA:51,17
DA:52,17
DA:53,54
DA:54,54
DA:55,53
DA:56,53
DA:57,53
DA:59,16
DA:61,2
DA:65,3
DA:66,1
DA:67,1
DA:68,1
DA:70,2
DA:74,0
DA:78,0
DA:82,3
DA:83,3
DA:84,3
LF:50
LH:31
BRDA:36,0,0,10
BRDA:36,0,1,2
BRDA:36,1,0,12
BRDA:36,1,1,11
BRDA:49,2,0,17
BRDA:49,2,1,2
BRDA:49,3,0,19
BRDA:49,3,1,18
BRDA:54,4,0,1
BRDA:54,4,1,53
BRDA:65,5,0,1
BRDA:65,5,1,2
BRF:12
BRH:12
end_of_record
